2025-07-18 12:06:49,823 - INFO - Запуск скрипта скачивания рекламы
2025-07-18 12:06:51,482 - INFO - Успешное подключение к FTP серверу ftp.radiodacha.ru
2025-07-18 12:06:51,762 - INFO - Плейлист 20250718.txt успешно скачан
2025-07-18 12:06:51,776 - INFO - Найдено файлов для первого блока (12:47:00): 1
2025-07-18 12:06:51,777 - INFO - Найдено файлов для второго блока (19:47:00): 1
2025-07-18 12:06:51,777 - INFO - Скачивание файлов первого блока в D:\_on-air\datcha\09_FEDERAL_RECLAMA\ФАЙЛЫ_ФР\20250718\12h
2025-07-18 12:06:56,520 - INFO - Скачан файл: BMSZ15646.wav
2025-07-18 12:06:56,609 - INFO - Скачано файлов первого блока: 1
2025-07-18 12:06:56,609 - INFO - Скачивание файлов второго блока в D:\_on-air\datcha\09_FEDERAL_RECLAMA\ФАЙЛЫ_ФР\20250718\19h
2025-07-18 12:07:01,186 - INFO - Скачан файл: BMSZ15646.wav
2025-07-18 12:07:01,187 - INFO - Скачано файлов второго блока: 1
2025-07-18 12:07:01,187 - INFO - Скрипт завершен успешно
2025-07-18 12:07:01,216 - INFO - Отключение от FTP сервера
2025-07-18 12:19:35,589 - INFO - Запуск скрипта скачивания рекламы
2025-07-18 12:19:36,071 - INFO - Успешное подключение к FTP серверу ftp.radiodacha.ru
2025-07-18 12:19:36,276 - INFO - Плейлист 20250718.txt успешно скачан
2025-07-18 12:19:36,287 - INFO - Всего строк в плейлисте: 1203
2025-07-18 12:19:38,060 - INFO - Найдено файлов для первого блока (12:47:00): 1
2025-07-18 12:19:38,060 - INFO - Файлы первого блока: ['BMSZ15646.wav']
2025-07-18 12:19:38,061 - INFO - Найдено файлов для второго блока (19:47:00): 1
2025-07-18 12:19:38,061 - INFO - Файлы второго блока: ['BMSZ15646.wav']
2025-07-18 12:19:38,061 - INFO - Скачивание файлов первого блока в D:\_on-air\datcha\09_FEDERAL_RECLAMA\ФАЙЛЫ_ФР\20250718\12h
2025-07-18 12:19:41,896 - INFO - Скачан файл: BMSZ15646.wav
2025-07-18 12:19:41,896 - INFO - Скачано файлов первого блока: 1
2025-07-18 12:19:41,896 - INFO - Скачивание файлов второго блока в D:\_on-air\datcha\09_FEDERAL_RECLAMA\ФАЙЛЫ_ФР\20250718\19h
2025-07-18 12:19:46,506 - INFO - Скачан файл: BMSZ15646.wav
2025-07-18 12:19:46,506 - INFO - Скачано файлов второго блока: 1
2025-07-18 12:19:46,507 - INFO - Скрипт завершен успешно
2025-07-18 12:19:46,537 - INFO - Отключение от FTP сервера
2025-07-18 12:22:33,565 - INFO - Запуск скрипта скачивания рекламы
2025-07-18 12:22:33,711 - INFO - Успешное подключение к FTP серверу ftp.radiodacha.ru
2025-07-18 12:22:33,920 - INFO - Плейлист 20250718.txt успешно скачан
2025-07-18 12:22:33,935 - INFO - Всего строк в плейлисте: 1203
2025-07-18 12:22:33,938 - INFO - Найдено файлов для первого блока (12:47:00): 1
2025-07-18 12:22:33,938 - INFO - Файлы первого блока: ['BMSZ15646.wav']
2025-07-18 12:22:33,938 - INFO - Найдено файлов для второго блока (19:47:00): 1
2025-07-18 12:22:33,939 - INFO - Файлы второго блока: ['BMSZ15646.wav']
2025-07-18 12:22:33,939 - INFO - Скачивание файлов первого блока в D:\_on-air\datcha\09_FEDERAL_RECLAMA\ФАЙЛЫ_ФР\20250718\12h
2025-07-18 12:22:37,734 - INFO - Скачан файл: BMSZ15646.wav
2025-07-18 12:22:37,734 - INFO - Скачано файлов первого блока: 1
2025-07-18 12:22:37,734 - INFO - Скачивание файлов второго блока в D:\_on-air\datcha\09_FEDERAL_RECLAMA\ФАЙЛЫ_ФР\20250718\19h
2025-07-18 12:22:42,435 - INFO - Скачан файл: BMSZ15646.wav
2025-07-18 12:22:42,435 - INFO - Скачано файлов второго блока: 1
2025-07-18 12:22:42,436 - INFO - Скрипт завершен успешно
2025-07-18 12:22:42,465 - INFO - Отключение от FTP сервера
2025-07-18 12:27:24,349 - INFO - Запуск скрипта скачивания рекламы
2025-07-18 12:27:24,560 - INFO - Успешное подключение к FTP серверу ftp.radiodacha.ru
2025-07-18 12:27:24,768 - INFO - Плейлист 20250718.txt успешно скачан
2025-07-18 12:27:24,782 - INFO - Всего строк в плейлисте: 1203
2025-07-18 12:27:24,785 - INFO - Найдено файлов для первого блока (12:47:00): 1
2025-07-18 12:27:24,785 - INFO - Файлы первого блока: ['BMSZ15646.wav']
2025-07-18 12:27:24,785 - INFO - Найдено файлов для второго блока (19:47:00): 1
2025-07-18 12:27:24,785 - INFO - Файлы второго блока: ['BMSZ15646.wav']
2025-07-18 12:27:24,786 - INFO - Скачивание файлов первого блока в D:\_on-air\datcha\09_FEDERAL_RECLAMA\ФАЙЛЫ_ФР\20250718\12h
2025-07-18 12:27:27,243 - INFO - Отключение от FTP сервера
2025-07-18 12:27:35,184 - INFO - Запуск скрипта скачивания рекламы
2025-07-18 12:27:35,357 - INFO - Успешное подключение к FTP серверу ftp.radiodacha.ru
2025-07-18 12:27:35,553 - INFO - Плейлист 20250718.txt успешно скачан
2025-07-18 12:27:35,563 - INFO - Всего строк в плейлисте: 1203
2025-07-18 12:27:35,565 - INFO - Найдено файлов для первого блока (12:47:00): 1
2025-07-18 12:27:35,565 - INFO - Файлы первого блока: ['BMSZ15646.wav']
2025-07-18 12:27:35,565 - INFO - Найдено файлов для второго блока (19:47:00): 1
2025-07-18 12:27:35,566 - INFO - Файлы второго блока: ['BMSZ15646.wav']
2025-07-18 12:27:35,566 - INFO - Скачивание файлов первого блока в D:\_on-air\datcha\09_FEDERAL_RECLAMA\ФАЙЛЫ_ФР\20250718\12h
2025-07-18 12:27:39,366 - INFO - Скачан файл: BMSZ15646.wav
2025-07-18 12:27:39,366 - INFO - Скачано файлов первого блока: 1
2025-07-18 12:27:39,366 - INFO - Скачивание файлов второго блока в D:\_on-air\datcha\09_FEDERAL_RECLAMA\ФАЙЛЫ_ФР\20250718\19h
2025-07-18 12:27:44,008 - INFO - Скачан файл: BMSZ15646.wav
2025-07-18 12:27:44,008 - INFO - Скачано файлов второго блока: 1
2025-07-18 12:27:44,009 - INFO - Скрипт завершен успешно
2025-07-18 12:27:44,035 - INFO - Отключение от FTP сервера
2025-07-18 12:28:23,444 - INFO - Запуск скрипта скачивания рекламы
2025-07-18 12:28:23,584 - INFO - Успешное подключение к FTP серверу ftp.radiodacha.ru
2025-07-18 12:28:23,783 - INFO - Плейлист 20250718.txt успешно скачан
2025-07-18 12:28:23,795 - INFO - Всего строк в плейлисте: 1203
2025-07-18 12:28:23,799 - INFO - Найдено файлов для первого блока (12:47:00): 7
2025-07-18 12:28:23,799 - INFO - Файлы первого блока: ['BMSZ15656.wav', 'BMSZ15629.wav', 'BMSZ15586.wav', 'BMSZ15675.wav', 'BMSZ15563.wav', 'BMSZ15265.wav', 'BMSZ14364.wav']
2025-07-18 12:28:23,800 - INFO - Найдено файлов для второго блока (19:47:00): 8
2025-07-18 12:28:23,800 - INFO - Файлы второго блока: ['BMSZ15635.wav', 'BMSZ15533.wav', 'BMSZ15675.wav', 'BMSZ15656.wav', 'BMSZ15655.wav', 'BMSZ15563.wav', 'BMSZ14938.wav', 'BMSZ15497.wav']
2025-07-18 12:28:23,800 - INFO - Скачивание файлов первого блока в D:\_on-air\datcha\09_FEDERAL_RECLAMA\ФАЙЛЫ_ФР\20250718\12h
2025-07-18 12:28:26,663 - INFO - Скачан файл: BMSZ15656.wav
2025-07-18 12:28:30,291 - INFO - Скачан файл: BMSZ15629.wav
2025-07-18 12:28:33,998 - INFO - Скачан файл: BMSZ15586.wav
2025-07-18 12:28:36,396 - INFO - Скачан файл: BMSZ15675.wav
2025-07-18 12:28:40,077 - INFO - Скачан файл: BMSZ15563.wav
2025-07-18 12:28:43,283 - INFO - Скачан файл: BMSZ15265.wav
2025-07-18 12:28:46,904 - INFO - Скачан файл: BMSZ14364.wav
2025-07-18 12:28:46,904 - INFO - Скачано файлов первого блока: 7
2025-07-18 12:28:46,905 - INFO - Скачивание файлов второго блока в D:\_on-air\datcha\09_FEDERAL_RECLAMA\ФАЙЛЫ_ФР\20250718\19h
2025-07-18 12:28:50,563 - INFO - Скачан файл: BMSZ15635.wav
2025-07-18 12:28:52,366 - INFO - Скачан файл: BMSZ15533.wav
2025-07-18 12:28:54,767 - INFO - Скачан файл: BMSZ15675.wav
2025-07-18 12:28:58,475 - INFO - Скачан файл: BMSZ15656.wav
2025-07-18 12:29:00,908 - INFO - Скачан файл: BMSZ15655.wav
2025-07-18 12:29:04,530 - INFO - Скачан файл: BMSZ15563.wav
2025-07-18 12:29:07,593 - INFO - Скачан файл: BMSZ14938.wav
2025-07-18 12:29:12,689 - INFO - Скачан файл: BMSZ15497.wav
2025-07-18 12:29:12,689 - INFO - Скачано файлов второго блока: 8
2025-07-18 12:29:12,689 - INFO - Скрипт завершен успешно
2025-07-18 12:29:12,717 - INFO - Отключение от FTP сервера
2025-07-18 13:02:52,138 - INFO - Запуск скрипта скачивания рекламы
2025-07-18 13:02:52,388 - INFO - Успешное подключение к FTP серверу ftp.radiodacha.ru
2025-07-18 13:02:52,638 - INFO - Плейлист 20250718.txt успешно скачан
2025-07-18 13:02:52,666 - INFO - Всего строк в плейлисте: 1203
2025-07-18 13:02:52,680 - INFO - Найдено файлов для первого блока (12:47:00): 7
2025-07-18 13:02:52,681 - INFO - Файлы первого блока: ['BMSZ15656.wav', 'BMSZ15629.wav', 'BMSZ15586.wav', 'BMSZ15675.wav', 'BMSZ15563.wav', 'BMSZ15265.wav', 'BMSZ14364.wav']
2025-07-18 13:02:52,681 - INFO - Найдено файлов для второго блока (19:47:00): 8
2025-07-18 13:02:52,681 - INFO - Файлы второго блока: ['BMSZ15635.wav', 'BMSZ15533.wav', 'BMSZ15675.wav', 'BMSZ15656.wav', 'BMSZ15655.wav', 'BMSZ15563.wav', 'BMSZ14938.wav', 'BMSZ15497.wav']
2025-07-18 13:02:52,690 - INFO - Скачивание файлов первого блока в D:\_on-air\datcha\09_FEDERAL_RECLAMA\ФАЙЛЫ_ФР\20250718\12h
2025-07-18 13:02:55,944 - INFO - Скачан файл: BMSZ15656.wav
2025-07-18 13:02:59,614 - INFO - Скачан файл: BMSZ15629.wav
2025-07-18 13:03:03,257 - INFO - Скачан файл: BMSZ15586.wav
2025-07-18 13:03:05,727 - INFO - Скачан файл: BMSZ15675.wav
2025-07-18 13:03:09,318 - INFO - Скачан файл: BMSZ15563.wav
2025-07-18 13:03:13,130 - INFO - Скачан файл: BMSZ15265.wav
2025-07-18 13:03:16,765 - INFO - Скачан файл: BMSZ14364.wav
2025-07-18 13:03:16,767 - INFO - Скачано файлов первого блока: 7
2025-07-18 13:03:16,767 - INFO - Скачивание файлов второго блока в D:\_on-air\datcha\09_FEDERAL_RECLAMA\ФАЙЛЫ_ФР\20250718\19h
2025-07-18 13:03:20,434 - INFO - Скачан файл: BMSZ15635.wav
2025-07-18 13:03:22,227 - INFO - Скачан файл: BMSZ15533.wav
2025-07-18 13:03:24,660 - INFO - Скачан файл: BMSZ15675.wav
2025-07-18 13:03:28,344 - INFO - Скачан файл: BMSZ15656.wav
2025-07-18 13:03:30,854 - INFO - Скачан файл: BMSZ15655.wav
2025-07-18 13:03:34,428 - INFO - Скачан файл: BMSZ15563.wav
2025-07-18 13:03:37,459 - INFO - Скачан файл: BMSZ14938.wav
2025-07-18 13:03:42,588 - INFO - Скачан файл: BMSZ15497.wav
2025-07-18 13:03:42,589 - INFO - Скачано файлов второго блока: 8
2025-07-18 13:03:42,589 - INFO - Скрипт завершен успешно
2025-07-18 13:03:42,619 - INFO - Отключение от FTP сервера
2025-08-28 11:44:51,878 - INFO - Запуск скрипта скачивания рекламы
2025-08-28 11:44:54,113 - INFO - Успешное подключение к FTP серверу ftp.radiodacha.ru
2025-08-28 11:44:54,323 - INFO - Плейлист 20250828.txt успешно скачан
2025-08-28 11:44:54,337 - INFO - Всего строк в плейлисте: 1152
2025-08-28 11:44:54,983 - INFO - Найдено файлов для первого блока (12:47:00): 5
2025-08-28 11:44:54,983 - INFO - Файлы первого блока: ['BMSZ15707.wav', 'BMSZ15768.wav', 'BMSZ15743.wav', 'BMSZ15734.wav', 'BMSZ15701.wav']
2025-08-28 11:44:54,983 - INFO - Найдено файлов для второго блока (19:47:00): 1
2025-08-28 11:44:54,983 - INFO - Файлы второго блока: ['BMSZ15741.wav']
2025-08-28 11:44:55,007 - INFO - Скачивание файлов первого блока в D:\_on-air\datcha\09_FEDERAL_RECLAMA\ФАЙЛЫ_ФР\20250828\12h
2025-08-28 11:44:56,761 - INFO - Скачан файл: BMSZ15707.wav
2025-08-28 11:44:59,443 - INFO - Скачан файл: BMSZ15768.wav
2025-08-28 11:45:01,728 - INFO - Скачан файл: BMSZ15743.wav
2025-08-28 11:45:02,104 - INFO - Скачан файл: BMSZ15734.wav
2025-08-28 11:45:04,630 - INFO - Скачан файл: BMSZ15701.wav
2025-08-28 11:45:04,630 - INFO - Скачано файлов первого блока: 5
2025-08-28 11:45:04,630 - INFO - Скачивание файлов второго блока в D:\_on-air\datcha\09_FEDERAL_RECLAMA\ФАЙЛЫ_ФР\20250828\19h
2025-08-28 11:45:07,105 - INFO - Скачан файл: BMSZ15741.wav
2025-08-28 11:45:07,105 - INFO - Скачано файлов второго блока: 1
2025-08-28 11:45:07,105 - INFO - Скрипт завершен успешно
2025-08-28 11:45:07,134 - INFO - Отключение от FTP сервера
